{"C:\\Users\\rirr0\\Desktop\\fabudget\\expressBudgetServer\\models\\User.js": {"path":"C:\\Users\\rirr0\\Desktop\\fabudget\\expressBudgetServer\\models\\User.js","statementMap":{"0":{"start":{"line":1,"column":17},"end":{"line":1,"column":36}},"1":{"start":{"line":2,"column":15},"end":{"line":2,"column":34}},"2":{"start":{"line":5,"column":19},"end":{"line":44,"column":2}},"3":{"start":{"line":33,"column":16},"end":{"line":33,"column":69}},"4":{"start":{"line":47,"column":0},"end":{"line":72,"column":3}},"5":{"start":{"line":49,"column":4},"end":{"line":57,"column":5}},"6":{"start":{"line":51,"column":8},"end":{"line":56,"column":23}},"7":{"start":{"line":55,"column":25},"end":{"line":55,"column":83}},"8":{"start":{"line":60,"column":4},"end":{"line":62,"column":5}},"9":{"start":{"line":61,"column":8},"end":{"line":61,"column":22}},"10":{"start":{"line":64,"column":4},"end":{"line":71,"column":5}},"11":{"start":{"line":66,"column":21},"end":{"line":66,"column":45}},"12":{"start":{"line":67,"column":8},"end":{"line":67,"column":63}},"13":{"start":{"line":68,"column":8},"end":{"line":68,"column":15}},"14":{"start":{"line":70,"column":8},"end":{"line":70,"column":18}},"15":{"start":{"line":75,"column":0},"end":{"line":80,"column":2}},"16":{"start":{"line":76,"column":4},"end":{"line":78,"column":5}},"17":{"start":{"line":77,"column":8},"end":{"line":77,"column":21}},"18":{"start":{"line":79,"column":4},"end":{"line":79,"column":64}},"19":{"start":{"line":83,"column":0},"end":{"line":89,"column":7}},"20":{"start":{"line":85,"column":8},"end":{"line":85,"column":38}},"21":{"start":{"line":88,"column":8},"end":{"line":88,"column":37}},"22":{"start":{"line":92,"column":0},"end":{"line":99,"column":3}},"23":{"start":{"line":93,"column":4},"end":{"line":97,"column":5}},"24":{"start":{"line":94,"column":8},"end":{"line":96,"column":9}},"25":{"start":{"line":95,"column":12},"end":{"line":95,"column":73}},"26":{"start":{"line":98,"column":4},"end":{"line":98,"column":11}},"27":{"start":{"line":102,"column":0},"end":{"line":106,"column":2}},"28":{"start":{"line":103,"column":4},"end":{"line":103,"column":29}},"29":{"start":{"line":103,"column":16},"end":{"line":103,"column":29}},"30":{"start":{"line":104,"column":17},"end":{"line":104,"column":74}},"31":{"start":{"line":105,"column":4},"end":{"line":105,"column":18}},"32":{"start":{"line":108,"column":0},"end":{"line":108,"column":52}}},"fnMap":{"0":{"name":"(anonymous_0)","decl":{"start":{"line":31,"column":23},"end":{"line":31,"column":24}},"loc":{"start":{"line":31,"column":40},"end":{"line":34,"column":13}},"line":31},"1":{"name":"(anonymous_1)","decl":{"start":{"line":47,"column":23},"end":{"line":47,"column":24}},"loc":{"start":{"line":47,"column":45},"end":{"line":72,"column":1}},"line":47},"2":{"name":"(anonymous_2)","decl":{"start":{"line":55,"column":17},"end":{"line":55,"column":18}},"loc":{"start":{"line":55,"column":25},"end":{"line":55,"column":83}},"line":55},"3":{"name":"(anonymous_3)","decl":{"start":{"line":75,"column":34},"end":{"line":75,"column":35}},"loc":{"start":{"line":75,"column":67},"end":{"line":80,"column":1}},"line":75},"4":{"name":"(anonymous_4)","decl":{"start":{"line":84,"column":9},"end":{"line":84,"column":10}},"loc":{"start":{"line":84,"column":26},"end":{"line":86,"column":5}},"line":84},"5":{"name":"(anonymous_5)","decl":{"start":{"line":87,"column":9},"end":{"line":87,"column":10}},"loc":{"start":{"line":87,"column":21},"end":{"line":89,"column":5}},"line":87},"6":{"name":"(anonymous_6)","decl":{"start":{"line":92,"column":27},"end":{"line":92,"column":28}},"loc":{"start":{"line":92,"column":43},"end":{"line":99,"column":1}},"line":92},"7":{"name":"(anonymous_7)","decl":{"start":{"line":102,"column":33},"end":{"line":102,"column":34}},"loc":{"start":{"line":102,"column":56},"end":{"line":106,"column":1}},"line":102}},"branchMap":{"0":{"loc":{"start":{"line":49,"column":4},"end":{"line":57,"column":5}},"type":"if","locations":[{"start":{"line":49,"column":4},"end":{"line":57,"column":5}},{"start":{},"end":{}}],"line":49},"1":{"loc":{"start":{"line":60,"column":4},"end":{"line":62,"column":5}},"type":"if","locations":[{"start":{"line":60,"column":4},"end":{"line":62,"column":5}},{"start":{},"end":{}}],"line":60},"2":{"loc":{"start":{"line":76,"column":4},"end":{"line":78,"column":5}},"type":"if","locations":[{"start":{"line":76,"column":4},"end":{"line":78,"column":5}},{"start":{},"end":{}}],"line":76},"3":{"loc":{"start":{"line":76,"column":8},"end":{"line":76,"column":63}},"type":"binary-expr","locations":[{"start":{"line":76,"column":8},"end":{"line":76,"column":24}},{"start":{"line":76,"column":28},"end":{"line":76,"column":63}}],"line":76},"4":{"loc":{"start":{"line":93,"column":4},"end":{"line":97,"column":5}},"type":"if","locations":[{"start":{"line":93,"column":4},"end":{"line":97,"column":5}},{"start":{},"end":{}}],"line":93},"5":{"loc":{"start":{"line":93,"column":8},"end":{"line":93,"column":74}},"type":"binary-expr","locations":[{"start":{"line":93,"column":8},"end":{"line":93,"column":35}},{"start":{"line":93,"column":39},"end":{"line":93,"column":74}}],"line":93},"6":{"loc":{"start":{"line":94,"column":8},"end":{"line":96,"column":9}},"type":"if","locations":[{"start":{"line":94,"column":8},"end":{"line":96,"column":9}},{"start":{},"end":{}}],"line":94},"7":{"loc":{"start":{"line":103,"column":4},"end":{"line":103,"column":29}},"type":"if","locations":[{"start":{"line":103,"column":4},"end":{"line":103,"column":29}},{"start":{},"end":{}}],"line":103}},"s":{"0":1,"1":1,"2":1,"3":8,"4":1,"5":6,"6":6,"7":12,"8":6,"9":0,"10":6,"11":6,"12":6,"13":6,"14":0,"15":1,"16":2,"17":0,"18":2,"19":1,"20":0,"21":0,"22":1,"23":9,"24":0,"25":0,"26":9,"27":1,"28":0,"29":0,"30":0,"31":0,"32":1},"f":{"0":8,"1":6,"2":12,"3":2,"4":0,"5":0,"6":9,"7":0},"b":{"0":[6,0],"1":[0,6],"2":[0,2],"3":[2,2],"4":[0,9],"5":[9,9],"6":[0,0],"7":[0,0]},"_coverageSchema":"1a1c01bbd47fc00a2c39e90264f33305004495a9","hash":"57fb5a432e6664b2b807e7cf441755f7bb2e9296"}
,"C:\\Users\\rirr0\\Desktop\\fabudget\\expressBudgetServer\\routes\\users.js": {"path":"C:\\Users\\rirr0\\Desktop\\fabudget\\expressBudgetServer\\routes\\users.js","statementMap":{"0":{"start":{"line":1,"column":16},"end":{"line":1,"column":34}},"1":{"start":{"line":2,"column":15},"end":{"line":2,"column":31}},"2":{"start":{"line":3,"column":13},"end":{"line":3,"column":38}},"3":{"start":{"line":8,"column":0},"end":{"line":38,"column":3}},"4":{"start":{"line":9,"column":4},"end":{"line":37,"column":5}},"5":{"start":{"line":10,"column":42},"end":{"line":10,"column":50}},"6":{"start":{"line":13,"column":19},"end":{"line":13,"column":48}},"7":{"start":{"line":15,"column":8},"end":{"line":17,"column":9}},"8":{"start":{"line":16,"column":12},"end":{"line":16,"column":92}},"9":{"start":{"line":20,"column":8},"end":{"line":24,"column":11}},"10":{"start":{"line":26,"column":8},"end":{"line":33,"column":11}},"11":{"start":{"line":35,"column":8},"end":{"line":35,"column":29}},"12":{"start":{"line":36,"column":8},"end":{"line":36,"column":74}},"13":{"start":{"line":43,"column":0},"end":{"line":72,"column":3}},"14":{"start":{"line":44,"column":4},"end":{"line":71,"column":5}},"15":{"start":{"line":45,"column":36},"end":{"line":45,"column":44}},"16":{"start":{"line":48,"column":21},"end":{"line":48,"column":70}},"17":{"start":{"line":50,"column":8},"end":{"line":52,"column":9}},"18":{"start":{"line":51,"column":12},"end":{"line":51,"column":92}},"19":{"start":{"line":53,"column":24},"end":{"line":53,"column":57}},"20":{"start":{"line":55,"column":8},"end":{"line":57,"column":9}},"21":{"start":{"line":56,"column":12},"end":{"line":56,"column":92}},"22":{"start":{"line":60,"column":8},"end":{"line":67,"column":11}},"23":{"start":{"line":69,"column":8},"end":{"line":69,"column":29}},"24":{"start":{"line":70,"column":8},"end":{"line":70,"column":74}},"25":{"start":{"line":77,"column":0},"end":{"line":99,"column":3}},"26":{"start":{"line":78,"column":4},"end":{"line":98,"column":5}},"27":{"start":{"line":79,"column":22},"end":{"line":79,"column":59}},"28":{"start":{"line":82,"column":31},"end":{"line":88,"column":11}},"29":{"start":{"line":82,"column":50},"end":{"line":88,"column":9}},"30":{"start":{"line":90,"column":8},"end":{"line":94,"column":11}},"31":{"start":{"line":96,"column":8},"end":{"line":96,"column":29}},"32":{"start":{"line":97,"column":8},"end":{"line":97,"column":74}},"33":{"start":{"line":101,"column":0},"end":{"line":101,"column":24}}},"fnMap":{"0":{"name":"(anonymous_0)","decl":{"start":{"line":8,"column":25},"end":{"line":8,"column":26}},"loc":{"start":{"line":8,"column":45},"end":{"line":38,"column":1}},"line":8},"1":{"name":"(anonymous_1)","decl":{"start":{"line":43,"column":22},"end":{"line":43,"column":23}},"loc":{"start":{"line":43,"column":42},"end":{"line":72,"column":1}},"line":43},"2":{"name":"(anonymous_2)","decl":{"start":{"line":77,"column":16},"end":{"line":77,"column":17}},"loc":{"start":{"line":77,"column":36},"end":{"line":99,"column":1}},"line":77},"3":{"name":"(anonymous_3)","decl":{"start":{"line":82,"column":41},"end":{"line":82,"column":42}},"loc":{"start":{"line":82,"column":50},"end":{"line":88,"column":9}},"line":82}},"branchMap":{"0":{"loc":{"start":{"line":15,"column":8},"end":{"line":17,"column":9}},"type":"if","locations":[{"start":{"line":15,"column":8},"end":{"line":17,"column":9}},{"start":{},"end":{}}],"line":15},"1":{"loc":{"start":{"line":50,"column":8},"end":{"line":52,"column":9}},"type":"if","locations":[{"start":{"line":50,"column":8},"end":{"line":52,"column":9}},{"start":{},"end":{}}],"line":50},"2":{"loc":{"start":{"line":55,"column":8},"end":{"line":57,"column":9}},"type":"if","locations":[{"start":{"line":55,"column":8},"end":{"line":57,"column":9}},{"start":{},"end":{}}],"line":55},"3":{"loc":{"start":{"line":87,"column":17},"end":{"line":87,"column":30}},"type":"binary-expr","locations":[{"start":{"line":87,"column":17},"end":{"line":87,"column":25}},{"start":{"line":87,"column":29},"end":{"line":87,"column":30}}],"line":87}},"s":{"0":1,"1":1,"2":1,"3":1,"4":6,"5":6,"6":6,"7":5,"8":1,"9":4,"10":1,"11":4,"12":4,"13":1,"14":7,"15":7,"16":7,"17":6,"18":4,"19":2,"20":2,"21":1,"22":1,"23":1,"24":1,"25":1,"26":3,"27":3,"28":2,"29":2,"30":2,"31":1,"32":1,"33":1},"f":{"0":6,"1":7,"2":3,"3":2},"b":{"0":[1,4],"1":[4,2],"2":[1,1],"3":[2,2]},"_coverageSchema":"1a1c01bbd47fc00a2c39e90264f33305004495a9","hash":"5ed4e3049e2e68fe5ef7e100e4e5a816bd110ca9"}
}
