TN:
SF:models\User.js
FN:31,(anonymous_0)
FN:47,(anonymous_1)
FN:55,(anonymous_2)
FN:75,(anonymous_3)
FN:84,(anonymous_4)
FN:87,(anonymous_5)
FN:92,(anonymous_6)
FN:102,(anonymous_7)
FNF:8
FNH:5
FNDA:8,(anonymous_0)
FNDA:6,(anonymous_1)
FNDA:12,(anonymous_2)
FNDA:2,(anonymous_3)
FNDA:0,(anonymous_4)
FNDA:0,(anonymous_5)
FNDA:9,(anonymous_6)
FNDA:0,(anonymous_7)
DA:1,1
DA:2,1
DA:5,1
DA:33,8
DA:47,1
DA:49,6
DA:51,6
DA:55,12
DA:60,6
DA:61,0
DA:64,6
DA:66,6
DA:67,6
DA:68,6
DA:70,0
DA:75,1
DA:76,2
DA:77,0
DA:79,2
DA:83,1
DA:85,0
DA:88,0
DA:92,1
DA:93,9
DA:94,0
DA:95,0
DA:98,9
DA:102,1
DA:103,0
DA:104,0
DA:105,0
DA:108,1
LF:32
LH:22
BRDA:49,0,0,6
BRDA:49,0,1,0
BRDA:60,1,0,0
BRDA:60,1,1,6
BRDA:76,2,0,0
BRDA:76,2,1,2
BRDA:76,3,0,2
BRDA:76,3,1,2
BRDA:93,4,0,0
BRDA:93,4,1,9
BRDA:93,5,0,9
BRDA:93,5,1,9
BRDA:94,6,0,0
BRDA:94,6,1,0
BRDA:103,7,0,0
BRDA:103,7,1,0
BRF:16
BRH:8
end_of_record
TN:
SF:routes\users.js
FN:8,(anonymous_0)
FN:43,(anonymous_1)
FN:77,(anonymous_2)
FN:82,(anonymous_3)
FNF:4
FNH:4
FNDA:6,(anonymous_0)
FNDA:7,(anonymous_1)
FNDA:3,(anonymous_2)
FNDA:2,(anonymous_3)
DA:1,1
DA:2,1
DA:3,1
DA:8,1
DA:9,6
DA:10,6
DA:13,6
DA:15,5
DA:16,1
DA:20,4
DA:26,1
DA:35,4
DA:36,4
DA:43,1
DA:44,7
DA:45,7
DA:48,7
DA:50,6
DA:51,4
DA:53,2
DA:55,2
DA:56,1
DA:60,1
DA:69,1
DA:70,1
DA:77,1
DA:78,3
DA:79,3
DA:82,2
DA:90,2
DA:96,1
DA:97,1
DA:101,1
LF:33
LH:33
BRDA:15,0,0,1
BRDA:15,0,1,4
BRDA:50,1,0,4
BRDA:50,1,1,2
BRDA:55,2,0,1
BRDA:55,2,1,1
BRDA:87,3,0,2
BRDA:87,3,1,2
BRF:8
BRH:8
end_of_record
